Determining if the pthread_create exist failed with the following output:
Change Dir: /home/agvbotics/catkin_ws/src/boost_nav_vision/CMakeFiles/CMakeTmp

Run Build Command:/usr/bin/make "cmTryCompileExec3136597226/fast"
/usr/bin/make -f CMakeFiles/cmTryCompileExec3136597226.dir/build.make CMakeFiles/cmTryCompileExec3136597226.dir/build
make[1]: Entering directory `/home/agvbotics/catkin_ws/src/boost_nav_vision/CMakeFiles/CMakeTmp'
/usr/bin/cmake -E cmake_progress_report /home/agvbotics/catkin_ws/src/boost_nav_vision/CMakeFiles/CMakeTmp/CMakeFiles 1
Building C object CMakeFiles/cmTryCompileExec3136597226.dir/CheckSymbolExists.c.o
/usr/bin/cc    -o CMakeFiles/cmTryCompileExec3136597226.dir/CheckSymbolExists.c.o   -c /home/agvbotics/catkin_ws/src/boost_nav_vision/CMakeFiles/CMakeTmp/CheckSymbolExists.c
Linking C executable cmTryCompileExec3136597226
/usr/bin/cmake -E cmake_link_script CMakeFiles/cmTryCompileExec3136597226.dir/link.txt --verbose=1
/usr/bin/cc       CMakeFiles/cmTryCompileExec3136597226.dir/CheckSymbolExists.c.o  -o cmTryCompileExec3136597226 -rdynamic 
CMakeFiles/cmTryCompileExec3136597226.dir/CheckSymbolExists.c.o: In function `main':
CheckSymbolExists.c:(.text+0x16): undefined reference to `pthread_create'
collect2: error: ld returned 1 exit status
make[1]: Leaving directory `/home/agvbotics/catkin_ws/src/boost_nav_vision/CMakeFiles/CMakeTmp'
make[1]: *** [cmTryCompileExec3136597226] Error 1
make: *** [cmTryCompileExec3136597226/fast] Error 2

File /home/agvbotics/catkin_ws/src/boost_nav_vision/CMakeFiles/CMakeTmp/CheckSymbolExists.c:
/* */
#include <pthread.h>

int main(int argc, char** argv)
{
  (void)argv;
#ifndef pthread_create
  return ((int*)(&pthread_create))[argc];
#else
  (void)argc;
  return 0;
#endif
}

Determining if the function pthread_create exists in the pthreads failed with the following output:
Change Dir: /home/agvbotics/catkin_ws/src/boost_nav_vision/CMakeFiles/CMakeTmp

Run Build Command:/usr/bin/make "cmTryCompileExec2977834774/fast"
/usr/bin/make -f CMakeFiles/cmTryCompileExec2977834774.dir/build.make CMakeFiles/cmTryCompileExec2977834774.dir/build
make[1]: Entering directory `/home/agvbotics/catkin_ws/src/boost_nav_vision/CMakeFiles/CMakeTmp'
/usr/bin/cmake -E cmake_progress_report /home/agvbotics/catkin_ws/src/boost_nav_vision/CMakeFiles/CMakeTmp/CMakeFiles 1
Building C object CMakeFiles/cmTryCompileExec2977834774.dir/CheckFunctionExists.c.o
/usr/bin/cc   -DCHECK_FUNCTION_EXISTS=pthread_create   -o CMakeFiles/cmTryCompileExec2977834774.dir/CheckFunctionExists.c.o   -c /usr/share/cmake-2.8/Modules/CheckFunctionExists.c
Linking C executable cmTryCompileExec2977834774
/usr/bin/cmake -E cmake_link_script CMakeFiles/cmTryCompileExec2977834774.dir/link.txt --verbose=1
/usr/bin/cc   -DCHECK_FUNCTION_EXISTS=pthread_create    CMakeFiles/cmTryCompileExec2977834774.dir/CheckFunctionExists.c.o  -o cmTryCompileExec2977834774 -rdynamic -lpthreads 
/usr/bin/ld: cannot find -lpthreads
collect2: error: ld returned 1 exit status
make[1]: Leaving directory `/home/agvbotics/catkin_ws/src/boost_nav_vision/CMakeFiles/CMakeTmp'
make[1]: *** [cmTryCompileExec2977834774] Error 1
make: *** [cmTryCompileExec2977834774/fast] Error 2


